Arguments: 
  C:\Program Files (x86)\Nodist\v-x64\14.18.1\node.exe C:\Users\souta\.yarn\releases\yarn-1.22.10.cjs add -D parcel-builder

PATH: 
  D:\Programs\cmder\vendor\bin;C:\Program Files (x86)\VMware\VMware Player\bin\;C:\Program Files (x86)\Common Files\Oracle\Java\javapath;C:\Program Files\Common Files\Oracle\Java\javapath;C:\Program Files (x86)\Common Files\Intel\Shared Libraries\redist\intel64\compiler;D:\Programs\Cmder;C:\Windows\System32;C:\Windows;C:\Windows\System32\wbem;C:\Windows\System32\WindowsPowerShell\v1.0\;C:\Windows\System32\OpenSSH\;D:\Programs\node\node-modules\;C:\Program Files\kubectl;C:\Program Files\helm\windows-amd64;D:\Programs\Maven\bin;C:\Program Files\NVIDIA Corporation\NVIDIA NvDLISR;C:\flutter\bin;D:\Programs\gradle\bin\;C:\MinGW\bin;C:\Program Files (x86)\Nodist\bin;C:\Programs\;C:\Program Files (x86)\GnuPG\bin;C:\MinGW\mingw-w64\usr\bin;C:\MinGW\usr\bin;C:\MinGW\msys\1.0\bin;C:\Users\souta\AppData\Local\Microsoft\WindowsApps\;C:\ProgramData\chocolatey\bin;C:\Programs\OpenSSL;C:\Languages\Flutter\bin;C:\Program Files\Amazon\AWSCLIV2\;C:\Program Files (x86)\Google\Cloud SDK\google-cloud-sdk\bin;C:\Program Files\Git\cmd;C:\WINDOWS\System32\WindowsPowerShell\v1.0\;C:\WINDOWS\System32\OpenSSH\;C:\Program Files (x86)\Windows Kits\10\Windows Performance Toolkit\;C:\Program Files\Go\bin;C:\Program Files\NVIDIA Corporation\Nsight Compute 2020.3.1\;C:\Program Files\NVIDIA GPU Computing Toolkit\CUDA\v11.2\bin;C:\Program Files\NVIDIA GPU Computing Toolkit\CUDA\v11.2\libnvvp;C:\Programs\CuDNN-8.2.1.32\bin;C:\Program Files\NVIDIA GPU Computing Toolkit\CUDA\v11.2\include;C:\Program Files\NVIDIA GPU Computing Toolkit\CUDA\v11.2\extras\CUPTI\lib64;C:\Program Files\PowerShell\7\;C:\Program Files (x86)\NVIDIA Corporation\PhysX\Common;C:\Program Files\dotnet\;C:\Program Files (x86)\Microsoft Visual Studio\2019\Community\VC\Tools\MSVC\14.29.30133\bin\Hostx64\x64;C:\Program Files (x86)\Windows Kits\10\bin\x64;C:\Program Files\NVIDIA GPU Computing Toolkit\CUDA\v11.2;C:\Programs\Graphviz\bin;C:\Program Files (x86)\dotnet\;C:\Program Files\Docker\Docker\resources\bin;C:\ProgramData\DockerDesktop\version-bin;C:\Users\souta\AppData\Local\Programs\Python\Python39\Scripts\;C:\Users\souta\AppData\Local\Programs\Python\Python39\;C:\Users\souta\AppData\Local\Programs\Microsoft VS Code\bin;C:\Users\souta\AppData\Local\Android\Sdk\platform-tools;C:\Users\souta\AppData\Local\GitHubDesktop\bin;D:\Programs\php7.4;C:\Program Files\JetBrains\IntelliJ IDEA 2019.3\bin;D:\Programs\FFmpeg\bin;C:\Program Files\JetBrains\IntelliJ IDEA Community Edition 2019.2\bin;C:\Program Files\JetBrains\PhpStorm 193.3519.29\bin;C:\Users\souta\.dotnet\tools;C:\Program Files\JetBrains\IntelliJ IDEA 201.5259.13\bin;C:\Program Files\heroku\bin;C:\Users\souta\AppData\Local\Programs\Python\Python37-32\;C:\Users\souta\AppData\Local\Programs\Python\Python37-32\Scripts\;C:\Users\souta\AppData\Local\Google\Cloud SDK\google-cloud-sdk\bin;C:\Program Files (x86)\Nodist\bin\bin;C:\Program Files (x86)\Nmap;C:\Users\souta\.windows-build-tools\python27\;C:\Users\souta\.dotnet\tools;C:\Users\souta\go\bin;C:\Users\souta\.deno\bin;C:\Users\souta\.dotnet\tools;C:\Program Files\Git\mingw64\bin;C:\Program Files\Git\usr\bin

Yarn version: 
  1.22.10

Node version: 
  14.18.1

Platform: 
  win32 x64

Trace: 
  Error: https://registry.yarnpkg.com/parcel-builder: Not found
      at Request.params.callback [as _callback] (C:\Users\souta\.yarn\releases\yarn-1.22.10.cjs:78518:18)
      at Request.self.callback (C:\Users\souta\.yarn\releases\yarn-1.22.10.cjs:135160:22)
      at Request.emit (events.js:400:28)
      at Request.<anonymous> (C:\Users\souta\.yarn\releases\yarn-1.22.10.cjs:136132:10)
      at Request.emit (events.js:400:28)
      at IncomingMessage.<anonymous> (C:\Users\souta\.yarn\releases\yarn-1.22.10.cjs:136054:12)
      at Object.onceWrapper (events.js:519:28)
      at IncomingMessage.emit (events.js:412:35)
      at endReadableNT (internal/streams/readable.js:1334:12)
      at processTicksAndRejections (internal/process/task_queues.js:82:21)

npm manifest: 
  {
    "name": "google-form-url-creator",
    "version": "1.0.0",
    "repository": "https://github.com/e-chan1007/google-form-url-creator.git",
    "author": "e-chan1007",
    "license": "MIT",
    "scripts": {
      "build": "parcel"
    },
    "devDependencies": {
      "parcel-plugin-static-files-copy": "^2.6.0",
      "typescript": "^4.4.4"
    },
    "staticFiles": {
      "staticPath": [
        "public"
      ]
    }
  }

yarn manifest: 
  No manifest

Lockfile: 
  # THIS IS AN AUTOGENERATED FILE. DO NOT EDIT THIS FILE DIRECTLY.
  # yarn lockfile v1
  
  
  balanced-match@^1.0.0:
    version "1.0.2"
    resolved "https://registry.yarnpkg.com/balanced-match/-/balanced-match-1.0.2.tgz#e83e3a7e3f300b34cb9d87f615fa0cbf357690ee"
    integrity sha512-3oSeUO0TMV67hN1AmbXsK4yaqU7tjiHlbxRDZOpH0KW9+CeX4bRAaX0Anxt0tx2MrpRpWwQaPwIlISEJhYU5Pw==
  
  brace-expansion@^1.1.7:
    version "1.1.11"
    resolved "https://registry.yarnpkg.com/brace-expansion/-/brace-expansion-1.1.11.tgz#3c7fcbf529d87226f3d2f52b966ff5271eb441dd"
    integrity sha512-iCuPHDFgrHX7H2vEI/5xpz07zSHB00TpugqhmYtVmMO6518mCuRMoOYFldEBl0g187ufozdaHgWKcYFb61qGiA==
    dependencies:
      balanced-match "^1.0.0"
      concat-map "0.0.1"
  
  concat-map@0.0.1:
    version "0.0.1"
    resolved "https://registry.yarnpkg.com/concat-map/-/concat-map-0.0.1.tgz#d8a96bd77fd68df7793a73036a3ba0d5405d477b"
    integrity sha1-2Klr13/Wjfd5OnMDajug1UBdR3s=
  
  inherits@2.0.3:
    version "2.0.3"
    resolved "https://registry.yarnpkg.com/inherits/-/inherits-2.0.3.tgz#633c2c83e3da42a502f52466022480f4208261de"
    integrity sha1-Yzwsg+PaQqUC9SRmAiSA9CCCYd4=
  
  minimatch@3.0.4:
    version "3.0.4"
    resolved "https://registry.yarnpkg.com/minimatch/-/minimatch-3.0.4.tgz#5166e286457f03306064be5497e8dbb0c3d32083"
    integrity sha512-yJHVQEhyqPLUTgt9B83PXu6W3rx4MvvHvSUvToogpwoGDOUQ+yDrR0HRot+yOCdCO7u4hX3pWft6kWBBcqh0UA==
    dependencies:
      brace-expansion "^1.1.7"
  
  parcel-plugin-static-files-copy@^2.6.0:
    version "2.6.0"
    resolved "https://registry.yarnpkg.com/parcel-plugin-static-files-copy/-/parcel-plugin-static-files-copy-2.6.0.tgz#06d7d9b6d7e2071b2e261315e94209b522108beb"
    integrity sha512-k3YxdnEQWo1aMfCeBfxgUNJWuUE0O730EGiGBcmWEUOto7f1jM/8oxBKXkVZsXDCO1o00dw5X7CsT+yF0JY4qA==
    dependencies:
      minimatch "3.0.4"
      path "0.12.7"
  
  path@0.12.7:
    version "0.12.7"
    resolved "https://registry.yarnpkg.com/path/-/path-0.12.7.tgz#d4dc2a506c4ce2197eb481ebfcd5b36c0140b10f"
    integrity sha1-1NwqUGxM4hl+tIHr/NWzbAFAsQ8=
    dependencies:
      process "^0.11.1"
      util "^0.10.3"
  
  process@^0.11.1:
    version "0.11.10"
    resolved "https://registry.yarnpkg.com/process/-/process-0.11.10.tgz#7332300e840161bda3e69a1d1d91a7d4bc16f182"
    integrity sha1-czIwDoQBYb2j5podHZGn1LwW8YI=
  
  typescript@^4.4.4:
    version "4.4.4"
    resolved "https://registry.yarnpkg.com/typescript/-/typescript-4.4.4.tgz#2cd01a1a1f160704d3101fd5a58ff0f9fcb8030c"
    integrity sha512-DqGhF5IKoBl8WNf8C1gu8q0xZSInh9j1kJJMqT3a94w1JzVaBU4EXOSMrz9yDqMT0xt3selp83fuFMQ0uzv6qA==
  
  util@^0.10.3:
    version "0.10.4"
    resolved "https://registry.yarnpkg.com/util/-/util-0.10.4.tgz#3aa0125bfe668a4672de58857d3ace27ecb76901"
    integrity sha512-0Pm9hTQ3se5ll1XihRic3FDIku70C+iHUdT/W926rSgHV5QgXsYbKZN8MSC3tJtSkhuROzvsQjAaFENRXr+19A==
    dependencies:
      inherits "2.0.3"
